<?xml version="1.0" encoding="UTF-8"?>
<!-- Generated by org.testng.reporters.JUnitXMLReporter -->
<testsuite hostname="PC" name="Functional Tests" tests="10" failures="0" timestamp="5 Aug 2014 20:01:50 GMT" time="632.001" errors="0">
  <testcase name="readParams" time="53.0" classname="test.TestGoToHowToPay"/>
  <testcase name="readParams" time="46.015" classname="test.TestFindFirstCameraResult"/>
  <testcase name="readParams" time="33.939" classname="test.TestSearch"/>
  <testcase name="readParams" time="32.034" classname="test.TestSignIn"/>
  <testcase name="readParams" time="70.897" classname="test.TestSignOut"/>
  <testcase name="readParams" time="36.852" classname="test.TestGoToShoppingCart"/>
  <testcase name="readParams" time="156.233" classname="test.TestGoToMyEbaySummary"/>
  <testcase name="readParams" time="44.824" classname="test.TestGoToMessages"/>
  <testcase name="readParams" time="83.48" classname="test.TestAddToCartAndRemove"/>
  <testcase name="readParams" time="18.462" classname="test.TestHoverMenuOnMainForm"/>
</testsuite> <!-- Functional Tests -->
