<?xml version="1.0" encoding="UTF-8"?>
<testng-results skipped="0" failed="1" total="1" passed="0">
  <reporter-output>
    <line>
      <![CDATA[browser driver was constructed<br>]]>
    </line>
    <line>
      <![CDATA[Browser 'firefox' ready...<br>]]>
    </line>
    <line>
      <![CDATA[driver.quit...<br>]]>
    </line>
    <line>
      <![CDATA[killing processes<br>]]>
    </line>
  </reporter-output>
  <suite name="Demo Test Plan" duration-ms="205" started-at="2014-08-04T13:35:09Z" finished-at="2014-08-04T13:35:09Z">
    <groups>
    </groups>
    <test name="Functional Tests" duration-ms="205" started-at="2014-08-04T13:35:09Z" finished-at="2014-08-04T13:35:09Z">
      <class name="test.TestSignIn">
        <test-method status="PASS" signature="before(org.testng.ITestContext)[pri:0, instance:test.TestSignIn@42e68a]" name="before" is-config="true" duration-ms="43" started-at="2014-08-04T16:35:09Z" finished-at="2014-08-04T16:35:09Z">
          <params>
            <param index="0">
              <value>
                <![CDATA[org.testng.TestRunner@1ffefa0]]>
              </value>
            </param>
          </params>
          <reporter-output>
          </reporter-output>
        </test-method> <!-- before -->
        <test-method status="FAIL" signature="readParams(java.lang.String, java.lang.String, java.lang.String, java.lang.String)[pri:0, instance:test.TestSignIn@42e68a]" name="readParams" duration-ms="0" started-at="2014-08-04T16:35:09Z" finished-at="2014-08-04T16:35:09Z">
          <exception class="org.testng.TestNGException">
            <message>
              <![CDATA[
Method readParams requires 4 parameters but 2 were supplied in the @Test annotation.]]>
            </message>
            <full-stacktrace>
              <![CDATA[org.testng.TestNGException: 
Method readParams requires 4 parameters but 2 were supplied in the @Test annotation.
	at org.testng.internal.Parameters.checkParameterTypes(Parameters.java:198)
	at org.testng.internal.Parameters.createParameters(Parameters.java:134)
	at org.testng.internal.Parameters.createParameters(Parameters.java:358)
	at org.testng.internal.Parameters.handleParameters(Parameters.java:450)
	at org.testng.internal.Invoker.handleParameters(Invoker.java:1383)
	at org.testng.internal.Invoker.createParameters(Invoker.java:1075)
	at org.testng.internal.Invoker.invokeTestMethods(Invoker.java:1180)
	at org.testng.internal.TestMethodWorker.invokeTestMethods(TestMethodWorker.java:127)
	at org.testng.internal.TestMethodWorker.run(TestMethodWorker.java:111)
	at org.testng.TestRunner.privateRun(TestRunner.java:767)
	at org.testng.TestRunner.run(TestRunner.java:617)
	at org.testng.SuiteRunner.runTest(SuiteRunner.java:334)
	at org.testng.SuiteRunner.runSequentially(SuiteRunner.java:329)
	at org.testng.SuiteRunner.privateRun(SuiteRunner.java:291)
	at org.testng.SuiteRunner.run(SuiteRunner.java:240)
	at org.testng.SuiteRunnerWorker.runSuite(SuiteRunnerWorker.java:52)
	at org.testng.SuiteRunnerWorker.run(SuiteRunnerWorker.java:86)
	at org.testng.TestNG.runSuitesSequentially(TestNG.java:1224)
	at org.testng.TestNG.runSuitesLocally(TestNG.java:1149)
	at org.testng.TestNG.run(TestNG.java:1057)
	at org.testng.remote.RemoteTestNG.run(RemoteTestNG.java:111)
	at org.testng.remote.RemoteTestNG.initAndRun(RemoteTestNG.java:204)
	at org.testng.remote.RemoteTestNG.main(RemoteTestNG.java:175)
]]>
            </full-stacktrace>
          </exception> <!-- org.testng.TestNGException -->
          <reporter-output>
          </reporter-output>
        </test-method> <!-- readParams -->
        <test-method status="PASS" signature="after()[pri:0, instance:test.TestSignIn@42e68a]" name="after" is-config="true" duration-ms="133" started-at="2014-08-04T16:35:09Z" finished-at="2014-08-04T16:35:09Z">
          <reporter-output>
            <line>
              <![CDATA[driver.quit...<br>]]>
            </line>
            <line>
              <![CDATA[killing processes<br>]]>
            </line>
          </reporter-output>
        </test-method> <!-- after -->
      </class> <!-- test.TestSignIn -->
    </test> <!-- Functional Tests -->
  </suite> <!-- Demo Test Plan -->
</testng-results>
