<?xml version="1.0" encoding="UTF-8"?>
<testng-results skipped="0" failed="1" total="10" passed="9">
  <reporter-output>
    <line>
      <![CDATA[browser driver was constructed<br>]]>
    </line>
    <line>
      <![CDATA[Browser 'chrome' ready...<br>]]>
    </line>
    <line>
      <![CDATA[-------------------------------------------------------------------------------------<br>]]>
    </line>
    <line>
      <![CDATA[=====================  Test case: 'test.TestAddToCartAndRemove' =====================<br>]]>
    </line>
    <line>
      <![CDATA[-------------------------------------------------------------------------------------<br>]]>
    </line>
    <line>
      <![CDATA[--------==[ Preconditions ]==--------<br>]]>
    </line>
    <line>
      <![CDATA[--------==[ Step 1 ]==--------<br>]]>
    </line>
    <line>
      <![CDATA[--------==[ Step 2 ]==--------<br>]]>
    </line>
    <line>
      <![CDATA[Form 'Ebay main form' appears in 280msec<br>]]>
    </line>
    <line>
      <![CDATA[--------==[ Step 3 ]==--------<br>]]>
    </line>
    <line>
      <![CDATA[Button 'Sign in' :: Clicking<br>]]>
    </line>
    <line>
      <![CDATA[--------==[ Step 4 ]==--------<br>]]>
    </line>
    <line>
      <![CDATA[Form 'Ebay Sign in form' appears in 164msec<br>]]>
    </line>
    <line>
      <![CDATA[--------==[ Step 5 ]==--------<br>]]>
    </line>
    <line>
      <![CDATA[Text Field 'login' :: Typing 'zomox@walkmail.net'<br>]]>
    </line>
    <line>
      <![CDATA[Text Field 'password' :: Typing 'itransitiona1qa'<br>]]>
    </line>
    <line>
      <![CDATA[Button 'Sign in' :: Clicking<br>]]>
    </line>
    <line>
      <![CDATA[--------==[ Step 6 ]==--------<br>]]>
    </line>
    <line>
      <![CDATA[Form 'Ebay main form' appears in 170msec<br>]]>
    </line>
    <line>
      <![CDATA[--------==[ Step 7 ]==--------<br>]]>
    </line>
    <line>
      <![CDATA[--------==[ Step 8 ]==--------<br>]]>
    </line>
    <line>
      <![CDATA[Text Field 'search bar' :: Typing 'ipad 4g 32gb'<br>]]>
    </line>
    <line>
      <![CDATA[Button 'Search button' :: Clicking<br>]]>
    </line>
    <line>
      <![CDATA[--------==[ Step 9 ]==--------<br>]]>
    </line>
    <line>
      <![CDATA[Form 'Search Results' appears in 940msec<br>]]>
    </line>
    <line>
      <![CDATA[--------==[ Step 10 ]==--------<br>]]>
    </line>
    <line>
      <![CDATA[--------==[ Step 11 ]==--------<br>]]>
    </line>
    <line>
      <![CDATA[Button 'Buy It Now button' :: Clicking<br>]]>
    </line>
    <line>
      <![CDATA[--------==[ Step 12 ]==--------<br>]]>
    </line>
    <line>
      <![CDATA[Form 'Search Results' appears in 725msec<br>]]>
    </line>
    <line>
      <![CDATA[--------==[ Step 13 ]==--------<br>]]>
    </line>
    <line>
      <![CDATA[Button 'Price + Shipping: highest first' :: Clicking<br>]]>
    </line>
    <line>
      <![CDATA[--------==[ Step 14 ]==--------<br>]]>
    </line>
    <line>
      <![CDATA[Form 'Search Results' appears in 1063msec<br>]]>
    </line>
    <line>
      <![CDATA[--------==[ Step 15 ]==--------<br>]]>
    </line>
    <line>
      <![CDATA[Button 'First item button' :: Clicking<br>]]>
    </line>
    <line>
      <![CDATA[--------==[ Step 16 ]==--------<br>]]>
    </line>
    <line>
      <![CDATA[Form 'Digital Cameras Results' appears in 196msec<br>]]>
    </line>
    <line>
      <![CDATA[--------==[ Step 17 ]==--------<br>]]>
    </line>
    <line>
      <![CDATA[--------==[ Step 18 ]==--------<br>]]>
    </line>
    <line>
      <![CDATA[Button 'Add to cart button' :: Clicking<br>]]>
    </line>
    <line>
      <![CDATA[--------==[ Step 19 ]==--------<br>]]>
    </line>
    <line>
      <![CDATA[Form 'Ebay Shopping Cart' appears in 128msec<br>]]>
    </line>
    <line>
      <![CDATA[--------==[ Step 20 ]==--------<br>]]>
    </line>
    <line>
      <![CDATA[--------==[ Step 21 ]==--------<br>]]>
    </line>
    <line>
      <![CDATA[Button 'First item remove button' :: Clicking<br>]]>
    </line>
    <line>
      <![CDATA[--------==[ Step 22 ]==--------<br>]]>
    </line>
    <line>
      <![CDATA[Form 'Ebay Shopping Cart' appears in 126msec<br>]]>
    </line>
    <line>
      <![CDATA[--------==[ Step 23 ]==--------<br>]]>
    </line>
    <line>
      <![CDATA[<br>]]>
    </line>
    <line>
      <![CDATA[************************************************************<br>]]>
    </line>
    <line>
      <![CDATA[***** Test case: 'test.TestAddToCartAndRemove' Passed! *****<br>]]>
    </line>
    <line>
      <![CDATA[************************************************************<br>]]>
    </line>
    <line>
      <![CDATA[<br>]]>
    </line>
    <line>
      <![CDATA[driver.quit...<br>]]>
    </line>
    <line>
      <![CDATA[killing processes<br>]]>
    </line>
    <line>
      <![CDATA[Успешно: Процесс "chrome.exe", с идентификатором 3672, был завершен.<br>]]>
    </line>
    <line>
      <![CDATA[Успешно: Процесс "chrome.exe", с идентификатором 1108, был завершен.<br>]]>
    </line>
    <line>
      <![CDATA[Успешно: Процесс "chrome.exe", с идентификатором 3852, был завершен.<br>]]>
    </line>
    <line>
      <![CDATA[Успешно: Процесс "chrome.exe", с идентификатором 2952, был завершен.<br>]]>
    </line>
    <line>
      <![CDATA[Успешно: Процесс "chrome.exe", с идентификатором 3824, был завершен.<br>]]>
    </line>
    <line>
      <![CDATA[browser driver was constructed<br>]]>
    </line>
    <line>
      <![CDATA[Browser 'chrome' ready...<br>]]>
    </line>
    <line>
      <![CDATA[-------------------------------------------------------------------------------<br>]]>
    </line>
    <line>
      <![CDATA[=====================  Test case: 'test.TestGoToHowToPay' =====================<br>]]>
    </line>
    <line>
      <![CDATA[-------------------------------------------------------------------------------<br>]]>
    </line>
    <line>
      <![CDATA[--------==[ Preconditions ]==--------<br>]]>
    </line>
    <line>
      <![CDATA[--------==[ Step 1 ]==--------<br>]]>
    </line>
    <line>
      <![CDATA[--------==[ Step 2 ]==--------<br>]]>
    </line>
    <line>
      <![CDATA[Form 'Ebay main form' appears in 169msec<br>]]>
    </line>
    <line>
      <![CDATA[--------==[ Step 3 ]==--------<br>]]>
    </line>
    <line>
      <![CDATA[Button 'Sign in' :: Clicking<br>]]>
    </line>
    <line>
      <![CDATA[--------==[ Step 4 ]==--------<br>]]>
    </line>
    <line>
      <![CDATA[Form 'Ebay Sign in form' appears in 135msec<br>]]>
    </line>
    <line>
      <![CDATA[--------==[ Step 5 ]==--------<br>]]>
    </line>
    <line>
      <![CDATA[Text Field 'login' :: Typing 'zomox@walkmail.net'<br>]]>
    </line>
    <line>
      <![CDATA[Text Field 'password' :: Typing 'itransitiona1qa'<br>]]>
    </line>
    <line>
      <![CDATA[Button 'Sign in' :: Clicking<br>]]>
    </line>
    <line>
      <![CDATA[--------==[ Step 6 ]==--------<br>]]>
    </line>
    <line>
      <![CDATA[Form 'Ebay main form' appears in 127msec<br>]]>
    </line>
    <line>
      <![CDATA[--------==[ Step 7 ]==--------<br>]]>
    </line>
    <line>
      <![CDATA[--------==[ Step 8 ]==--------<br>]]>
    </line>
    <line>
      <![CDATA[Button 'Customer Support' :: Clicking<br>]]>
    </line>
    <line>
      <![CDATA[--------==[ Step 9 ]==--------<br>]]>
    </line>
    <line>
      <![CDATA[Form 'Customer Support' appears in 118msec<br>]]>
    </line>
    <line>
      <![CDATA[--------==[ Step 10 ]==--------<br>]]>
    </line>
    <line>
      <![CDATA[Button 'Contact eBay' :: Clicking<br>]]>
    </line>
    <line>
      <![CDATA[--------==[ Step 11 ]==--------<br>]]>
    </line>
    <line>
      <![CDATA[Form 'Customer Support' appears in 113msec<br>]]>
    </line>
    <line>
      <![CDATA[--------==[ Step 12 ]==--------<br>]]>
    </line>
    <line>
      <![CDATA[Button 'How to pay for items' :: Clicking<br>]]>
    </line>
    <line>
      <![CDATA[--------==[ Step 13 ]==--------<br>]]>
    </line>
    <line>
      <![CDATA[Form 'Customer Support' appears in 107msec<br>]]>
    </line>
    <line>
      <![CDATA[--------==[ Step 14 ]==--------<br>]]>
    </line>
    <line>
      <![CDATA[<br>]]>
    </line>
    <line>
      <![CDATA[******************************************************<br>]]>
    </line>
    <line>
      <![CDATA[***** Test case: 'test.TestGoToHowToPay' Passed! *****<br>]]>
    </line>
    <line>
      <![CDATA[******************************************************<br>]]>
    </line>
    <line>
      <![CDATA[<br>]]>
    </line>
    <line>
      <![CDATA[driver.quit...<br>]]>
    </line>
    <line>
      <![CDATA[killing processes<br>]]>
    </line>
    <line>
      <![CDATA[browser driver was constructed<br>]]>
    </line>
    <line>
      <![CDATA[Browser 'chrome' ready...<br>]]>
    </line>
    <line>
      <![CDATA[----------------------------------------------------------------------------------------<br>]]>
    </line>
    <line>
      <![CDATA[=====================  Test case: 'test.TestFindFirstCameraResult' =====================<br>]]>
    </line>
    <line>
      <![CDATA[----------------------------------------------------------------------------------------<br>]]>
    </line>
    <line>
      <![CDATA[--------==[ Preconditions ]==--------<br>]]>
    </line>
    <line>
      <![CDATA[--------==[ Step 1 ]==--------<br>]]>
    </line>
    <line>
      <![CDATA[--------==[ Step 2 ]==--------<br>]]>
    </line>
    <line>
      <![CDATA[Form 'Ebay main form' appears in 139msec<br>]]>
    </line>
    <line>
      <![CDATA[--------==[ Step 3 ]==--------<br>]]>
    </line>
    <line>
      <![CDATA[--------==[ Step 4 ]==--------<br>]]>
    </line>
    <line>
      <![CDATA[Button 'Cameras & Photo button' :: Clicking<br>]]>
    </line>
    <line>
      <![CDATA[--------==[ Step 5 ]==--------<br>]]>
    </line>
    <line>
      <![CDATA[Form 'Ebay Cameras form' appears in 121msec<br>]]>
    </line>
    <line>
      <![CDATA[--------==[ Step 6 ]==--------<br>]]>
    </line>
    <line>
      <![CDATA[Button 'Digital Cameras button' :: Clicking<br>]]>
    </line>
    <line>
      <![CDATA[--------==[ Step 7 ]==--------<br>]]>
    </line>
    <line>
      <![CDATA[Form 'Items from Digital Cameras' appears in 142msec<br>]]>
    </line>
    <line>
      <![CDATA[--------==[ Step 8 ]==--------<br>]]>
    </line>
    <line>
      <![CDATA[Button 'Refine Results button' :: Clicking<br>]]>
    </line>
    <line>
      <![CDATA[--------==[ Step 9 ]==--------<br>]]>
    </line>
    <line>
      <![CDATA[Form 'Search Results' appears in 147msec<br>]]>
    </line>
    <line>
      <![CDATA[--------==[ Step 10 ]==--------<br>]]>
    </line>
    <line>
      <![CDATA[Button 'Buy It Now button' :: Clicking<br>]]>
    </line>
    <line>
      <![CDATA[--------==[ Step 11 ]==--------<br>]]>
    </line>
    <line>
      <![CDATA[Form 'Search Results' appears in 159msec<br>]]>
    </line>
    <line>
      <![CDATA[--------==[ Step 12 ]==--------<br>]]>
    </line>
    <line>
      <![CDATA[Button 'Price + Shipping: highest first' :: Clicking<br>]]>
    </line>
    <line>
      <![CDATA[--------==[ Step 13 ]==--------<br>]]>
    </line>
    <line>
      <![CDATA[Form 'Search Results' appears in 295msec<br>]]>
    </line>
    <line>
      <![CDATA[--------==[ Step 14 ]==--------<br>]]>
    </line>
    <line>
      <![CDATA[Button 'First item button' :: Clicking<br>]]>
    </line>
    <line>
      <![CDATA[--------==[ Step 15 ]==--------<br>]]>
    </line>
    <line>
      <![CDATA[Form 'Digital Cameras Results' appears in 215msec<br>]]>
    </line>
    <line>
      <![CDATA[--------==[ Step 16 ]==--------<br>]]>
    </line>
    <line>
      <![CDATA[<br>]]>
    </line>
    <line>
      <![CDATA[***************************************************************<br>]]>
    </line>
    <line>
      <![CDATA[***** Test case: 'test.TestFindFirstCameraResult' Passed! *****<br>]]>
    </line>
    <line>
      <![CDATA[***************************************************************<br>]]>
    </line>
    <line>
      <![CDATA[<br>]]>
    </line>
    <line>
      <![CDATA[driver.quit...<br>]]>
    </line>
    <line>
      <![CDATA[killing processes<br>]]>
    </line>
    <line>
      <![CDATA[browser driver was constructed<br>]]>
    </line>
    <line>
      <![CDATA[Browser 'chrome' ready...<br>]]>
    </line>
    <line>
      <![CDATA[-------------------------------------------------------------------------<br>]]>
    </line>
    <line>
      <![CDATA[=====================  Test case: 'test.TestSearch' =====================<br>]]>
    </line>
    <line>
      <![CDATA[-------------------------------------------------------------------------<br>]]>
    </line>
    <line>
      <![CDATA[--------==[ Preconditions ]==--------<br>]]>
    </line>
    <line>
      <![CDATA[--------==[ Step 1 ]==--------<br>]]>
    </line>
    <line>
      <![CDATA[--------==[ Step 2 ]==--------<br>]]>
    </line>
    <line>
      <![CDATA[Form 'Ebay main form' appears in 142msec<br>]]>
    </line>
    <line>
      <![CDATA[--------==[ Step 3 ]==--------<br>]]>
    </line>
    <line>
      <![CDATA[Text Field 'search bar' :: Typing 'ipad 4g 32gb'<br>]]>
    </line>
    <line>
      <![CDATA[Button 'Search button' :: Clicking<br>]]>
    </line>
    <line>
      <![CDATA[--------==[ Step 4 ]==--------<br>]]>
    </line>
    <line>
      <![CDATA[Form 'Search Results' appears in 242msec<br>]]>
    </line>
    <line>
      <![CDATA[--------==[ Step 5 ]==--------<br>]]>
    </line>
    <line>
      <![CDATA[<br>]]>
    </line>
    <line>
      <![CDATA[************************************************<br>]]>
    </line>
    <line>
      <![CDATA[***** Test case: 'test.TestSearch' Passed! *****<br>]]>
    </line>
    <line>
      <![CDATA[************************************************<br>]]>
    </line>
    <line>
      <![CDATA[<br>]]>
    </line>
    <line>
      <![CDATA[driver.quit...<br>]]>
    </line>
    <line>
      <![CDATA[killing processes<br>]]>
    </line>
    <line>
      <![CDATA[browser driver was constructed<br>]]>
    </line>
    <line>
      <![CDATA[Browser 'chrome' ready...<br>]]>
    </line>
    <line>
      <![CDATA[-------------------------------------------------------------------------<br>]]>
    </line>
    <line>
      <![CDATA[=====================  Test case: 'test.TestSignIn' =====================<br>]]>
    </line>
    <line>
      <![CDATA[-------------------------------------------------------------------------<br>]]>
    </line>
    <line>
      <![CDATA[--------==[ Preconditions ]==--------<br>]]>
    </line>
    <line>
      <![CDATA[--------==[ Step 1 ]==--------<br>]]>
    </line>
    <line>
      <![CDATA[--------==[ Step 2 ]==--------<br>]]>
    </line>
    <line>
      <![CDATA[Form 'Ebay main form' appears in 175msec<br>]]>
    </line>
    <line>
      <![CDATA[--------==[ Step 3 ]==--------<br>]]>
    </line>
    <line>
      <![CDATA[Button 'Sign in' :: Clicking<br>]]>
    </line>
    <line>
      <![CDATA[--------==[ Step 4 ]==--------<br>]]>
    </line>
    <line>
      <![CDATA[Form 'Ebay Sign in form' appears in 136msec<br>]]>
    </line>
    <line>
      <![CDATA[--------==[ Step 5 ]==--------<br>]]>
    </line>
    <line>
      <![CDATA[Text Field 'login' :: Typing 'zomox@walkmail.net'<br>]]>
    </line>
    <line>
      <![CDATA[Text Field 'password' :: Typing 'itransitiona1qa'<br>]]>
    </line>
    <line>
      <![CDATA[Button 'Sign in' :: Clicking<br>]]>
    </line>
    <line>
      <![CDATA[--------==[ Step 6 ]==--------<br>]]>
    </line>
    <line>
      <![CDATA[Form 'Ebay main form' appears in 186msec<br>]]>
    </line>
    <line>
      <![CDATA[--------==[ Step 7 ]==--------<br>]]>
    </line>
    <line>
      <![CDATA[<br>]]>
    </line>
    <line>
      <![CDATA[************************************************<br>]]>
    </line>
    <line>
      <![CDATA[***** Test case: 'test.TestSignIn' Passed! *****<br>]]>
    </line>
    <line>
      <![CDATA[************************************************<br>]]>
    </line>
    <line>
      <![CDATA[<br>]]>
    </line>
    <line>
      <![CDATA[driver.quit...<br>]]>
    </line>
    <line>
      <![CDATA[killing processes<br>]]>
    </line>
    <line>
      <![CDATA[browser driver was constructed<br>]]>
    </line>
    <line>
      <![CDATA[Browser 'chrome' ready...<br>]]>
    </line>
    <line>
      <![CDATA[--------------------------------------------------------------------------<br>]]>
    </line>
    <line>
      <![CDATA[=====================  Test case: 'test.TestSignOut' =====================<br>]]>
    </line>
    <line>
      <![CDATA[--------------------------------------------------------------------------<br>]]>
    </line>
    <line>
      <![CDATA[--------==[ Preconditions ]==--------<br>]]>
    </line>
    <line>
      <![CDATA[--------==[ Step 1 ]==--------<br>]]>
    </line>
    <line>
      <![CDATA[--------==[ Step 2 ]==--------<br>]]>
    </line>
    <line>
      <![CDATA[Form 'Ebay main form' appears in 450msec<br>]]>
    </line>
    <line>
      <![CDATA[--------==[ Step 3 ]==--------<br>]]>
    </line>
    <line>
      <![CDATA[Button 'Sign in' :: Clicking<br>]]>
    </line>
    <line>
      <![CDATA[--------==[ Step 4 ]==--------<br>]]>
    </line>
    <line>
      <![CDATA[Form 'Ebay Sign in form' appears in 166msec<br>]]>
    </line>
    <line>
      <![CDATA[--------==[ Step 5 ]==--------<br>]]>
    </line>
    <line>
      <![CDATA[Text Field 'login' :: Typing 'zomox@walkmail.net'<br>]]>
    </line>
    <line>
      <![CDATA[Text Field 'password' :: Typing 'itransitiona1qa'<br>]]>
    </line>
    <line>
      <![CDATA[Button 'Sign in' :: Clicking<br>]]>
    </line>
    <line>
      <![CDATA[--------==[ Step 6 ]==--------<br>]]>
    </line>
    <line>
      <![CDATA[Form 'Ebay main form' appears in 142msec<br>]]>
    </line>
    <line>
      <![CDATA[--------==[ Step 7 ]==--------<br>]]>
    </line>
    <line>
      <![CDATA[--------==[ Step 8 ]==--------<br>]]>
    </line>
    <line>
      <![CDATA[Button 'Sign out' :: Clicking<br>]]>
    </line>
    <line>
      <![CDATA[--------==[ Step 9 ]==--------<br>]]>
    </line>
    <line>
      <![CDATA[Form 'Ebay sign out form' appears in 158msec<br>]]>
    </line>
    <line>
      <![CDATA[<br>]]>
    </line>
    <line>
      <![CDATA[*************************************************<br>]]>
    </line>
    <line>
      <![CDATA[***** Test case: 'test.TestSignOut' Passed! *****<br>]]>
    </line>
    <line>
      <![CDATA[*************************************************<br>]]>
    </line>
    <line>
      <![CDATA[<br>]]>
    </line>
    <line>
      <![CDATA[driver.quit...<br>]]>
    </line>
    <line>
      <![CDATA[killing processes<br>]]>
    </line>
    <line>
      <![CDATA[browser driver was constructed<br>]]>
    </line>
    <line>
      <![CDATA[Browser 'chrome' ready...<br>]]>
    </line>
    <line>
      <![CDATA[-----------------------------------------------------------------------------------<br>]]>
    </line>
    <line>
      <![CDATA[=====================  Test case: 'test.TestGoToShoppingCart' =====================<br>]]>
    </line>
    <line>
      <![CDATA[-----------------------------------------------------------------------------------<br>]]>
    </line>
    <line>
      <![CDATA[--------==[ Preconditions ]==--------<br>]]>
    </line>
    <line>
      <![CDATA[--------==[ Step 1 ]==--------<br>]]>
    </line>
    <line>
      <![CDATA[--------==[ Step 2 ]==--------<br>]]>
    </line>
    <line>
      <![CDATA[Form 'Ebay main form' appears in 267msec<br>]]>
    </line>
    <line>
      <![CDATA[--------==[ Step 3 ]==--------<br>]]>
    </line>
    <line>
      <![CDATA[Button 'Sign in' :: Clicking<br>]]>
    </line>
    <line>
      <![CDATA[--------==[ Step 4 ]==--------<br>]]>
    </line>
    <line>
      <![CDATA[Form 'Ebay Sign in form' appears in 147msec<br>]]>
    </line>
    <line>
      <![CDATA[--------==[ Step 5 ]==--------<br>]]>
    </line>
    <line>
      <![CDATA[Text Field 'login' :: Typing 'zomox@walkmail.net'<br>]]>
    </line>
    <line>
      <![CDATA[Text Field 'password' :: Typing 'itransitiona1qa'<br>]]>
    </line>
    <line>
      <![CDATA[Button 'Sign in' :: Clicking<br>]]>
    </line>
    <line>
      <![CDATA[--------==[ Step 6 ]==--------<br>]]>
    </line>
    <line>
      <![CDATA[Form 'Ebay main form' appears in 176msec<br>]]>
    </line>
    <line>
      <![CDATA[--------==[ Step 7 ]==--------<br>]]>
    </line>
    <line>
      <![CDATA[--------==[ Step 8 ]==--------<br>]]>
    </line>
    <line>
      <![CDATA[Button 'Shopping Cart button' :: Clicking<br>]]>
    </line>
    <line>
      <![CDATA[--------==[ Step 9 ]==--------<br>]]>
    </line>
    <line>
      <![CDATA[Form 'Ebay Shopping Cart' appears in 119msec<br>]]>
    </line>
    <line>
      <![CDATA[<br>]]>
    </line>
    <line>
      <![CDATA[**********************************************************<br>]]>
    </line>
    <line>
      <![CDATA[***** Test case: 'test.TestGoToShoppingCart' Passed! *****<br>]]>
    </line>
    <line>
      <![CDATA[**********************************************************<br>]]>
    </line>
    <line>
      <![CDATA[<br>]]>
    </line>
    <line>
      <![CDATA[driver.quit...<br>]]>
    </line>
    <line>
      <![CDATA[killing processes<br>]]>
    </line>
    <line>
      <![CDATA[browser driver was constructed<br>]]>
    </line>
    <line>
      <![CDATA[Browser 'chrome' ready...<br>]]>
    </line>
    <line>
      <![CDATA[------------------------------------------------------------------------------------<br>]]>
    </line>
    <line>
      <![CDATA[=====================  Test case: 'test.TestGoToMyEbaySummary' =====================<br>]]>
    </line>
    <line>
      <![CDATA[------------------------------------------------------------------------------------<br>]]>
    </line>
    <line>
      <![CDATA[--------==[ Preconditions ]==--------<br>]]>
    </line>
    <line>
      <![CDATA[--------==[ Step 1 ]==--------<br>]]>
    </line>
    <line>
      <![CDATA[--------==[ Step 2 ]==--------<br>]]>
    </line>
    <line>
      <![CDATA[Form 'Ebay main form' appears in 145msec<br>]]>
    </line>
    <line>
      <![CDATA[--------==[ Step 3 ]==--------<br>]]>
    </line>
    <line>
      <![CDATA[Button 'Sign in' :: Clicking<br>]]>
    </line>
    <line>
      <![CDATA[--------==[ Step 4 ]==--------<br>]]>
    </line>
    <line>
      <![CDATA[Form 'Ebay Sign in form' appears in 161msec<br>]]>
    </line>
    <line>
      <![CDATA[--------==[ Step 5 ]==--------<br>]]>
    </line>
    <line>
      <![CDATA[Text Field 'login' :: Typing 'zomox@walkmail.net'<br>]]>
    </line>
    <line>
      <![CDATA[Text Field 'password' :: Typing 'itransitiona1qa'<br>]]>
    </line>
    <line>
      <![CDATA[Button 'Sign in' :: Clicking<br>]]>
    </line>
    <line>
      <![CDATA[--------==[ Step 6 ]==--------<br>]]>
    </line>
    <line>
      <![CDATA[Form 'Ebay main form' appears in 123msec<br>]]>
    </line>
    <line>
      <![CDATA[--------==[ Step 7 ]==--------<br>]]>
    </line>
    <line>
      <![CDATA[--------==[ Step 8 ]==--------<br>]]>
    </line>
    <line>
      <![CDATA[Button 'My ebay button' :: Clicking<br>]]>
    </line>
    <line>
      <![CDATA[--------==[ Step 9 ]==--------<br>]]>
    </line>
    <line>
      <![CDATA[Form 'My Ebay Summary Form' appears in 147msec<br>]]>
    </line>
    <line>
      <![CDATA[<br>]]>
    </line>
    <line>
      <![CDATA[***********************************************************<br>]]>
    </line>
    <line>
      <![CDATA[***** Test case: 'test.TestGoToMyEbaySummary' Passed! *****<br>]]>
    </line>
    <line>
      <![CDATA[***********************************************************<br>]]>
    </line>
    <line>
      <![CDATA[<br>]]>
    </line>
    <line>
      <![CDATA[driver.quit...<br>]]>
    </line>
    <line>
      <![CDATA[killing processes<br>]]>
    </line>
    <line>
      <![CDATA[browser driver was constructed<br>]]>
    </line>
    <line>
      <![CDATA[Browser 'chrome' ready...<br>]]>
    </line>
    <line>
      <![CDATA[-------------------------------------------------------------------------------<br>]]>
    </line>
    <line>
      <![CDATA[=====================  Test case: 'test.TestGoToMessages' =====================<br>]]>
    </line>
    <line>
      <![CDATA[-------------------------------------------------------------------------------<br>]]>
    </line>
    <line>
      <![CDATA[--------==[ Preconditions ]==--------<br>]]>
    </line>
    <line>
      <![CDATA[--------==[ Step 1 ]==--------<br>]]>
    </line>
    <line>
      <![CDATA[--------==[ Step 2 ]==--------<br>]]>
    </line>
    <line>
      <![CDATA[Form 'Ebay main form' appears in 1040msec<br>]]>
    </line>
    <line>
      <![CDATA[--------==[ Step 3 ]==--------<br>]]>
    </line>
    <line>
      <![CDATA[Button 'Sign in' :: Clicking<br>]]>
    </line>
    <line>
      <![CDATA[--------==[ Step 4 ]==--------<br>]]>
    </line>
    <line>
      <![CDATA[Form 'Ebay Sign in form' appears in 165msec<br>]]>
    </line>
    <line>
      <![CDATA[--------==[ Step 5 ]==--------<br>]]>
    </line>
    <line>
      <![CDATA[Text Field 'login' :: Typing 'zomox@walkmail.net'<br>]]>
    </line>
    <line>
      <![CDATA[Text Field 'password' :: Typing 'itransitiona1qa'<br>]]>
    </line>
    <line>
      <![CDATA[Button 'Sign in' :: Clicking<br>]]>
    </line>
    <line>
      <![CDATA[--------==[ Step 6 ]==--------<br>]]>
    </line>
    <line>
      <![CDATA[Form 'Ebay main form' appears in 226msec<br>]]>
    </line>
    <line>
      <![CDATA[--------==[ Step 7 ]==--------<br>]]>
    </line>
    <line>
      <![CDATA[--------==[ Step 8 ]==--------<br>]]>
    </line>
    <line>
      <![CDATA[--------==[ Step 9 ]==--------<br>]]>
    </line>
    <line>
      <![CDATA[Button 'Messages button' :: Clicking<br>]]>
    </line>
    <line>
      <![CDATA[--------==[ Step 10 ]==--------<br>]]>
    </line>
    <line>
      <![CDATA[Form 'My Ebay Messages Form' appears in 134msec<br>]]>
    </line>
    <line>
      <![CDATA[<br>]]>
    </line>
    <line>
      <![CDATA[******************************************************<br>]]>
    </line>
    <line>
      <![CDATA[***** Test case: 'test.TestGoToMessages' Passed! *****<br>]]>
    </line>
    <line>
      <![CDATA[******************************************************<br>]]>
    </line>
    <line>
      <![CDATA[<br>]]>
    </line>
    <line>
      <![CDATA[driver.quit...<br>]]>
    </line>
    <line>
      <![CDATA[killing processes<br>]]>
    </line>
    <line>
      <![CDATA[browser driver was constructed<br>]]>
    </line>
    <line>
      <![CDATA[Browser 'chrome' ready...<br>]]>
    </line>
    <line>
      <![CDATA[---------------------------------------------------------------------------------<br>]]>
    </line>
    <line>
      <![CDATA[=====================  Test case: 'test.TestMenuOnMainForm' =====================<br>]]>
    </line>
    <line>
      <![CDATA[---------------------------------------------------------------------------------<br>]]>
    </line>
    <line>
      <![CDATA[--------==[ Preconditions ]==--------<br>]]>
    </line>
    <line>
      <![CDATA[--------==[ Step 1 ]==--------<br>]]>
    </line>
    <line>
      <![CDATA[--------==[ Step 2 ]==--------<br>]]>
    </line>
    <line>
      <![CDATA[Form 'Ebay main form' appears in 245msec<br>]]>
    </line>
    <line>
      <![CDATA[--------==[ Step 3 ]==--------<br>]]>
    </line>
    <line>
      <![CDATA[--------==[ Step 4 ]==--------<br>]]>
    </line>
    <line>
      <![CDATA[<div class="skipped"></div><br>]]>
    </line>
    <line>
      <![CDATA[<div class="failedConfig">>>>>>>>> TEST FAILED <<<<<<<<</div><br>]]>
    </line>
    <line>
      <![CDATA[<div class="skipped"></div><br>]]>
    </line>
    <line>
      <![CDATA[driver.quit...<br>]]>
    </line>
    <line>
      <![CDATA[killing processes<br>]]>
    </line>
  </reporter-output>
  <suite name="Demo Test Plan" duration-ms="338672" started-at="2014-08-07T12:33:45Z" finished-at="2014-08-07T12:39:24Z">
    <groups>
    </groups>
    <test name="Functional Tests" duration-ms="338672" started-at="2014-08-07T12:33:45Z" finished-at="2014-08-07T12:39:24Z">
      <class name="test.TestGoToShoppingCart">
        <test-method status="PASS" signature="before(org.testng.ITestContext)[pri:0, instance:test.TestGoToShoppingCart@9b675b]" name="before" is-config="true" duration-ms="2949" started-at="2014-08-07T15:37:18Z" finished-at="2014-08-07T15:37:21Z">
          <params>
            <param index="0">
              <value>
                <![CDATA[org.testng.TestRunner@9f5bd8]]>
              </value>
            </param>
          </params>
          <reporter-output>
            <line>
              <![CDATA[browser driver was constructed<br>]]>
            </line>
            <line>
              <![CDATA[Browser 'chrome' ready...<br>]]>
            </line>
          </reporter-output>
        </test-method> <!-- before -->
        <test-method status="PASS" signature="readParams(java.lang.String, java.lang.String, java.lang.String, java.lang.String, java.lang.String)[pri:0, instance:test.TestGoToShoppingCart@9b675b]" name="readParams" duration-ms="33147" started-at="2014-08-07T15:37:21Z" finished-at="2014-08-07T15:37:54Z">
          <params>
            <param index="0">
              <value>
                <![CDATA[http://www.ebay.com/]]>
              </value>
            </param>
            <param index="1">
              <value>
                <![CDATA[ipad 4g 32gb]]>
              </value>
            </param>
            <param index="2">
              <value>
                <![CDATA[zomox@walkmail.net]]>
              </value>
            </param>
            <param index="3">
              <value>
                <![CDATA[itransitiona1qa]]>
              </value>
            </param>
            <param index="4">
              <value>
                <![CDATA[Kot]]>
              </value>
            </param>
          </params>
          <reporter-output>
            <line>
              <![CDATA[-----------------------------------------------------------------------------------<br>]]>
            </line>
            <line>
              <![CDATA[=====================  Test case: 'test.TestGoToShoppingCart' =====================<br>]]>
            </line>
            <line>
              <![CDATA[-----------------------------------------------------------------------------------<br>]]>
            </line>
            <line>
              <![CDATA[--------==[ Preconditions ]==--------<br>]]>
            </line>
            <line>
              <![CDATA[--------==[ Step 1 ]==--------<br>]]>
            </line>
            <line>
              <![CDATA[--------==[ Step 2 ]==--------<br>]]>
            </line>
            <line>
              <![CDATA[Form 'Ebay main form' appears in 267msec<br>]]>
            </line>
            <line>
              <![CDATA[--------==[ Step 3 ]==--------<br>]]>
            </line>
            <line>
              <![CDATA[Button 'Sign in' :: Clicking<br>]]>
            </line>
            <line>
              <![CDATA[--------==[ Step 4 ]==--------<br>]]>
            </line>
            <line>
              <![CDATA[Form 'Ebay Sign in form' appears in 147msec<br>]]>
            </line>
            <line>
              <![CDATA[--------==[ Step 5 ]==--------<br>]]>
            </line>
            <line>
              <![CDATA[Text Field 'login' :: Typing 'zomox@walkmail.net'<br>]]>
            </line>
            <line>
              <![CDATA[Text Field 'password' :: Typing 'itransitiona1qa'<br>]]>
            </line>
            <line>
              <![CDATA[Button 'Sign in' :: Clicking<br>]]>
            </line>
            <line>
              <![CDATA[--------==[ Step 6 ]==--------<br>]]>
            </line>
            <line>
              <![CDATA[Form 'Ebay main form' appears in 176msec<br>]]>
            </line>
            <line>
              <![CDATA[--------==[ Step 7 ]==--------<br>]]>
            </line>
            <line>
              <![CDATA[--------==[ Step 8 ]==--------<br>]]>
            </line>
            <line>
              <![CDATA[Button 'Shopping Cart button' :: Clicking<br>]]>
            </line>
            <line>
              <![CDATA[--------==[ Step 9 ]==--------<br>]]>
            </line>
            <line>
              <![CDATA[Form 'Ebay Shopping Cart' appears in 119msec<br>]]>
            </line>
            <line>
              <![CDATA[<br>]]>
            </line>
            <line>
              <![CDATA[**********************************************************<br>]]>
            </line>
            <line>
              <![CDATA[***** Test case: 'test.TestGoToShoppingCart' Passed! *****<br>]]>
            </line>
            <line>
              <![CDATA[**********************************************************<br>]]>
            </line>
            <line>
              <![CDATA[<br>]]>
            </line>
          </reporter-output>
        </test-method> <!-- readParams -->
        <test-method status="PASS" signature="after()[pri:0, instance:test.TestGoToShoppingCart@9b675b]" name="after" is-config="true" duration-ms="1526" started-at="2014-08-07T15:37:54Z" finished-at="2014-08-07T15:37:56Z">
          <reporter-output>
            <line>
              <![CDATA[driver.quit...<br>]]>
            </line>
            <line>
              <![CDATA[killing processes<br>]]>
            </line>
          </reporter-output>
        </test-method> <!-- after -->
      </class> <!-- test.TestGoToShoppingCart -->
      <class name="test.TestSearch">
        <test-method status="PASS" signature="before(org.testng.ITestContext)[pri:0, instance:test.TestSearch@18d0462]" name="before" is-config="true" duration-ms="3023" started-at="2014-08-07T15:35:52Z" finished-at="2014-08-07T15:35:55Z">
          <params>
            <param index="0">
              <value>
                <![CDATA[org.testng.TestRunner@9f5bd8]]>
              </value>
            </param>
          </params>
          <reporter-output>
            <line>
              <![CDATA[browser driver was constructed<br>]]>
            </line>
            <line>
              <![CDATA[Browser 'chrome' ready...<br>]]>
            </line>
          </reporter-output>
        </test-method> <!-- before -->
        <test-method status="PASS" signature="readParams(java.lang.String, java.lang.String, java.lang.String, java.lang.String, java.lang.String)[pri:0, instance:test.TestSearch@18d0462]" name="readParams" duration-ms="16627" started-at="2014-08-07T15:35:55Z" finished-at="2014-08-07T15:36:12Z">
          <params>
            <param index="0">
              <value>
                <![CDATA[http://www.ebay.com/]]>
              </value>
            </param>
            <param index="1">
              <value>
                <![CDATA[ipad 4g 32gb]]>
              </value>
            </param>
            <param index="2">
              <value>
                <![CDATA[zomox@walkmail.net]]>
              </value>
            </param>
            <param index="3">
              <value>
                <![CDATA[itransitiona1qa]]>
              </value>
            </param>
            <param index="4">
              <value>
                <![CDATA[Kot]]>
              </value>
            </param>
          </params>
          <reporter-output>
            <line>
              <![CDATA[-------------------------------------------------------------------------<br>]]>
            </line>
            <line>
              <![CDATA[=====================  Test case: 'test.TestSearch' =====================<br>]]>
            </line>
            <line>
              <![CDATA[-------------------------------------------------------------------------<br>]]>
            </line>
            <line>
              <![CDATA[--------==[ Preconditions ]==--------<br>]]>
            </line>
            <line>
              <![CDATA[--------==[ Step 1 ]==--------<br>]]>
            </line>
            <line>
              <![CDATA[--------==[ Step 2 ]==--------<br>]]>
            </line>
            <line>
              <![CDATA[Form 'Ebay main form' appears in 142msec<br>]]>
            </line>
            <line>
              <![CDATA[--------==[ Step 3 ]==--------<br>]]>
            </line>
            <line>
              <![CDATA[Text Field 'search bar' :: Typing 'ipad 4g 32gb'<br>]]>
            </line>
            <line>
              <![CDATA[Button 'Search button' :: Clicking<br>]]>
            </line>
            <line>
              <![CDATA[--------==[ Step 4 ]==--------<br>]]>
            </line>
            <line>
              <![CDATA[Form 'Search Results' appears in 242msec<br>]]>
            </line>
            <line>
              <![CDATA[--------==[ Step 5 ]==--------<br>]]>
            </line>
            <line>
              <![CDATA[<br>]]>
            </line>
            <line>
              <![CDATA[************************************************<br>]]>
            </line>
            <line>
              <![CDATA[***** Test case: 'test.TestSearch' Passed! *****<br>]]>
            </line>
            <line>
              <![CDATA[************************************************<br>]]>
            </line>
            <line>
              <![CDATA[<br>]]>
            </line>
          </reporter-output>
        </test-method> <!-- readParams -->
        <test-method status="PASS" signature="after()[pri:0, instance:test.TestSearch@18d0462]" name="after" is-config="true" duration-ms="1531" started-at="2014-08-07T15:36:12Z" finished-at="2014-08-07T15:36:14Z">
          <reporter-output>
            <line>
              <![CDATA[driver.quit...<br>]]>
            </line>
            <line>
              <![CDATA[killing processes<br>]]>
            </line>
          </reporter-output>
        </test-method> <!-- after -->
      </class> <!-- test.TestSearch -->
      <class name="test.TestGoToHowToPay">
        <test-method status="PASS" signature="before(org.testng.ITestContext)[pri:0, instance:test.TestGoToHowToPay@973f09]" name="before" is-config="true" duration-ms="3293" started-at="2014-08-07T15:34:37Z" finished-at="2014-08-07T15:34:40Z">
          <params>
            <param index="0">
              <value>
                <![CDATA[org.testng.TestRunner@9f5bd8]]>
              </value>
            </param>
          </params>
          <reporter-output>
            <line>
              <![CDATA[browser driver was constructed<br>]]>
            </line>
            <line>
              <![CDATA[Browser 'chrome' ready...<br>]]>
            </line>
          </reporter-output>
        </test-method> <!-- before -->
        <test-method status="PASS" signature="readParams(java.lang.String, java.lang.String, java.lang.String, java.lang.String, java.lang.String)[pri:0, instance:test.TestGoToHowToPay@973f09]" name="readParams" duration-ms="30609" started-at="2014-08-07T15:34:40Z" finished-at="2014-08-07T15:35:11Z">
          <params>
            <param index="0">
              <value>
                <![CDATA[http://www.ebay.com/]]>
              </value>
            </param>
            <param index="1">
              <value>
                <![CDATA[ipad 4g 32gb]]>
              </value>
            </param>
            <param index="2">
              <value>
                <![CDATA[zomox@walkmail.net]]>
              </value>
            </param>
            <param index="3">
              <value>
                <![CDATA[itransitiona1qa]]>
              </value>
            </param>
            <param index="4">
              <value>
                <![CDATA[Kot]]>
              </value>
            </param>
          </params>
          <reporter-output>
            <line>
              <![CDATA[-------------------------------------------------------------------------------<br>]]>
            </line>
            <line>
              <![CDATA[=====================  Test case: 'test.TestGoToHowToPay' =====================<br>]]>
            </line>
            <line>
              <![CDATA[-------------------------------------------------------------------------------<br>]]>
            </line>
            <line>
              <![CDATA[--------==[ Preconditions ]==--------<br>]]>
            </line>
            <line>
              <![CDATA[--------==[ Step 1 ]==--------<br>]]>
            </line>
            <line>
              <![CDATA[--------==[ Step 2 ]==--------<br>]]>
            </line>
            <line>
              <![CDATA[Form 'Ebay main form' appears in 169msec<br>]]>
            </line>
            <line>
              <![CDATA[--------==[ Step 3 ]==--------<br>]]>
            </line>
            <line>
              <![CDATA[Button 'Sign in' :: Clicking<br>]]>
            </line>
            <line>
              <![CDATA[--------==[ Step 4 ]==--------<br>]]>
            </line>
            <line>
              <![CDATA[Form 'Ebay Sign in form' appears in 135msec<br>]]>
            </line>
            <line>
              <![CDATA[--------==[ Step 5 ]==--------<br>]]>
            </line>
            <line>
              <![CDATA[Text Field 'login' :: Typing 'zomox@walkmail.net'<br>]]>
            </line>
            <line>
              <![CDATA[Text Field 'password' :: Typing 'itransitiona1qa'<br>]]>
            </line>
            <line>
              <![CDATA[Button 'Sign in' :: Clicking<br>]]>
            </line>
            <line>
              <![CDATA[--------==[ Step 6 ]==--------<br>]]>
            </line>
            <line>
              <![CDATA[Form 'Ebay main form' appears in 127msec<br>]]>
            </line>
            <line>
              <![CDATA[--------==[ Step 7 ]==--------<br>]]>
            </line>
            <line>
              <![CDATA[--------==[ Step 8 ]==--------<br>]]>
            </line>
            <line>
              <![CDATA[Button 'Customer Support' :: Clicking<br>]]>
            </line>
            <line>
              <![CDATA[--------==[ Step 9 ]==--------<br>]]>
            </line>
            <line>
              <![CDATA[Form 'Customer Support' appears in 118msec<br>]]>
            </line>
            <line>
              <![CDATA[--------==[ Step 10 ]==--------<br>]]>
            </line>
            <line>
              <![CDATA[Button 'Contact eBay' :: Clicking<br>]]>
            </line>
            <line>
              <![CDATA[--------==[ Step 11 ]==--------<br>]]>
            </line>
            <line>
              <![CDATA[Form 'Customer Support' appears in 113msec<br>]]>
            </line>
            <line>
              <![CDATA[--------==[ Step 12 ]==--------<br>]]>
            </line>
            <line>
              <![CDATA[Button 'How to pay for items' :: Clicking<br>]]>
            </line>
            <line>
              <![CDATA[--------==[ Step 13 ]==--------<br>]]>
            </line>
            <line>
              <![CDATA[Form 'Customer Support' appears in 107msec<br>]]>
            </line>
            <line>
              <![CDATA[--------==[ Step 14 ]==--------<br>]]>
            </line>
            <line>
              <![CDATA[<br>]]>
            </line>
            <line>
              <![CDATA[******************************************************<br>]]>
            </line>
            <line>
              <![CDATA[***** Test case: 'test.TestGoToHowToPay' Passed! *****<br>]]>
            </line>
            <line>
              <![CDATA[******************************************************<br>]]>
            </line>
            <line>
              <![CDATA[<br>]]>
            </line>
          </reporter-output>
        </test-method> <!-- readParams -->
        <test-method status="PASS" signature="after()[pri:0, instance:test.TestGoToHowToPay@973f09]" name="after" is-config="true" duration-ms="1557" started-at="2014-08-07T15:35:11Z" finished-at="2014-08-07T15:35:12Z">
          <reporter-output>
            <line>
              <![CDATA[driver.quit...<br>]]>
            </line>
            <line>
              <![CDATA[killing processes<br>]]>
            </line>
          </reporter-output>
        </test-method> <!-- after -->
      </class> <!-- test.TestGoToHowToPay -->
      <class name="test.TestSignOut">
        <test-method status="PASS" signature="before(org.testng.ITestContext)[pri:0, instance:test.TestSignOut@11ae4ae]" name="before" is-config="true" duration-ms="2959" started-at="2014-08-07T15:36:46Z" finished-at="2014-08-07T15:36:49Z">
          <params>
            <param index="0">
              <value>
                <![CDATA[org.testng.TestRunner@9f5bd8]]>
              </value>
            </param>
          </params>
          <reporter-output>
            <line>
              <![CDATA[browser driver was constructed<br>]]>
            </line>
            <line>
              <![CDATA[Browser 'chrome' ready...<br>]]>
            </line>
          </reporter-output>
        </test-method> <!-- before -->
        <test-method status="PASS" signature="readParams(java.lang.String, java.lang.String, java.lang.String, java.lang.String, java.lang.String)[pri:0, instance:test.TestSignOut@11ae4ae]" name="readParams" duration-ms="26903" started-at="2014-08-07T15:36:49Z" finished-at="2014-08-07T15:37:16Z">
          <params>
            <param index="0">
              <value>
                <![CDATA[http://www.ebay.com/]]>
              </value>
            </param>
            <param index="1">
              <value>
                <![CDATA[ipad 4g 32gb]]>
              </value>
            </param>
            <param index="2">
              <value>
                <![CDATA[zomox@walkmail.net]]>
              </value>
            </param>
            <param index="3">
              <value>
                <![CDATA[itransitiona1qa]]>
              </value>
            </param>
            <param index="4">
              <value>
                <![CDATA[Kot]]>
              </value>
            </param>
          </params>
          <reporter-output>
            <line>
              <![CDATA[--------------------------------------------------------------------------<br>]]>
            </line>
            <line>
              <![CDATA[=====================  Test case: 'test.TestSignOut' =====================<br>]]>
            </line>
            <line>
              <![CDATA[--------------------------------------------------------------------------<br>]]>
            </line>
            <line>
              <![CDATA[--------==[ Preconditions ]==--------<br>]]>
            </line>
            <line>
              <![CDATA[--------==[ Step 1 ]==--------<br>]]>
            </line>
            <line>
              <![CDATA[--------==[ Step 2 ]==--------<br>]]>
            </line>
            <line>
              <![CDATA[Form 'Ebay main form' appears in 450msec<br>]]>
            </line>
            <line>
              <![CDATA[--------==[ Step 3 ]==--------<br>]]>
            </line>
            <line>
              <![CDATA[Button 'Sign in' :: Clicking<br>]]>
            </line>
            <line>
              <![CDATA[--------==[ Step 4 ]==--------<br>]]>
            </line>
            <line>
              <![CDATA[Form 'Ebay Sign in form' appears in 166msec<br>]]>
            </line>
            <line>
              <![CDATA[--------==[ Step 5 ]==--------<br>]]>
            </line>
            <line>
              <![CDATA[Text Field 'login' :: Typing 'zomox@walkmail.net'<br>]]>
            </line>
            <line>
              <![CDATA[Text Field 'password' :: Typing 'itransitiona1qa'<br>]]>
            </line>
            <line>
              <![CDATA[Button 'Sign in' :: Clicking<br>]]>
            </line>
            <line>
              <![CDATA[--------==[ Step 6 ]==--------<br>]]>
            </line>
            <line>
              <![CDATA[Form 'Ebay main form' appears in 142msec<br>]]>
            </line>
            <line>
              <![CDATA[--------==[ Step 7 ]==--------<br>]]>
            </line>
            <line>
              <![CDATA[--------==[ Step 8 ]==--------<br>]]>
            </line>
            <line>
              <![CDATA[Button 'Sign out' :: Clicking<br>]]>
            </line>
            <line>
              <![CDATA[--------==[ Step 9 ]==--------<br>]]>
            </line>
            <line>
              <![CDATA[Form 'Ebay sign out form' appears in 158msec<br>]]>
            </line>
            <line>
              <![CDATA[<br>]]>
            </line>
            <line>
              <![CDATA[*************************************************<br>]]>
            </line>
            <line>
              <![CDATA[***** Test case: 'test.TestSignOut' Passed! *****<br>]]>
            </line>
            <line>
              <![CDATA[*************************************************<br>]]>
            </line>
            <line>
              <![CDATA[<br>]]>
            </line>
          </reporter-output>
        </test-method> <!-- readParams -->
        <test-method status="PASS" signature="after()[pri:0, instance:test.TestSignOut@11ae4ae]" name="after" is-config="true" duration-ms="1559" started-at="2014-08-07T15:37:16Z" finished-at="2014-08-07T15:37:18Z">
          <reporter-output>
            <line>
              <![CDATA[driver.quit...<br>]]>
            </line>
            <line>
              <![CDATA[killing processes<br>]]>
            </line>
          </reporter-output>
        </test-method> <!-- after -->
      </class> <!-- test.TestSignOut -->
      <class name="test.TestGoToMessages">
        <test-method status="PASS" signature="before(org.testng.ITestContext)[pri:0, instance:test.TestGoToMessages@44fec1]" name="before" is-config="true" duration-ms="3016" started-at="2014-08-07T15:38:32Z" finished-at="2014-08-07T15:38:35Z">
          <params>
            <param index="0">
              <value>
                <![CDATA[org.testng.TestRunner@9f5bd8]]>
              </value>
            </param>
          </params>
          <reporter-output>
            <line>
              <![CDATA[browser driver was constructed<br>]]>
            </line>
            <line>
              <![CDATA[Browser 'chrome' ready...<br>]]>
            </line>
          </reporter-output>
        </test-method> <!-- before -->
        <test-method status="PASS" signature="readParams(java.lang.String, java.lang.String, java.lang.String, java.lang.String, java.lang.String)[pri:0, instance:test.TestGoToMessages@44fec1]" name="readParams" duration-ms="28966" started-at="2014-08-07T15:38:35Z" finished-at="2014-08-07T15:39:03Z">
          <params>
            <param index="0">
              <value>
                <![CDATA[http://www.ebay.com/]]>
              </value>
            </param>
            <param index="1">
              <value>
                <![CDATA[ipad 4g 32gb]]>
              </value>
            </param>
            <param index="2">
              <value>
                <![CDATA[zomox@walkmail.net]]>
              </value>
            </param>
            <param index="3">
              <value>
                <![CDATA[itransitiona1qa]]>
              </value>
            </param>
            <param index="4">
              <value>
                <![CDATA[Kot]]>
              </value>
            </param>
          </params>
          <reporter-output>
            <line>
              <![CDATA[-------------------------------------------------------------------------------<br>]]>
            </line>
            <line>
              <![CDATA[=====================  Test case: 'test.TestGoToMessages' =====================<br>]]>
            </line>
            <line>
              <![CDATA[-------------------------------------------------------------------------------<br>]]>
            </line>
            <line>
              <![CDATA[--------==[ Preconditions ]==--------<br>]]>
            </line>
            <line>
              <![CDATA[--------==[ Step 1 ]==--------<br>]]>
            </line>
            <line>
              <![CDATA[--------==[ Step 2 ]==--------<br>]]>
            </line>
            <line>
              <![CDATA[Form 'Ebay main form' appears in 1040msec<br>]]>
            </line>
            <line>
              <![CDATA[--------==[ Step 3 ]==--------<br>]]>
            </line>
            <line>
              <![CDATA[Button 'Sign in' :: Clicking<br>]]>
            </line>
            <line>
              <![CDATA[--------==[ Step 4 ]==--------<br>]]>
            </line>
            <line>
              <![CDATA[Form 'Ebay Sign in form' appears in 165msec<br>]]>
            </line>
            <line>
              <![CDATA[--------==[ Step 5 ]==--------<br>]]>
            </line>
            <line>
              <![CDATA[Text Field 'login' :: Typing 'zomox@walkmail.net'<br>]]>
            </line>
            <line>
              <![CDATA[Text Field 'password' :: Typing 'itransitiona1qa'<br>]]>
            </line>
            <line>
              <![CDATA[Button 'Sign in' :: Clicking<br>]]>
            </line>
            <line>
              <![CDATA[--------==[ Step 6 ]==--------<br>]]>
            </line>
            <line>
              <![CDATA[Form 'Ebay main form' appears in 226msec<br>]]>
            </line>
            <line>
              <![CDATA[--------==[ Step 7 ]==--------<br>]]>
            </line>
            <line>
              <![CDATA[--------==[ Step 8 ]==--------<br>]]>
            </line>
            <line>
              <![CDATA[--------==[ Step 9 ]==--------<br>]]>
            </line>
            <line>
              <![CDATA[Button 'Messages button' :: Clicking<br>]]>
            </line>
            <line>
              <![CDATA[--------==[ Step 10 ]==--------<br>]]>
            </line>
            <line>
              <![CDATA[Form 'My Ebay Messages Form' appears in 134msec<br>]]>
            </line>
            <line>
              <![CDATA[<br>]]>
            </line>
            <line>
              <![CDATA[******************************************************<br>]]>
            </line>
            <line>
              <![CDATA[***** Test case: 'test.TestGoToMessages' Passed! *****<br>]]>
            </line>
            <line>
              <![CDATA[******************************************************<br>]]>
            </line>
            <line>
              <![CDATA[<br>]]>
            </line>
          </reporter-output>
        </test-method> <!-- readParams -->
        <test-method status="PASS" signature="after()[pri:0, instance:test.TestGoToMessages@44fec1]" name="after" is-config="true" duration-ms="1560" started-at="2014-08-07T15:39:03Z" finished-at="2014-08-07T15:39:05Z">
          <reporter-output>
            <line>
              <![CDATA[driver.quit...<br>]]>
            </line>
            <line>
              <![CDATA[killing processes<br>]]>
            </line>
          </reporter-output>
        </test-method> <!-- after -->
      </class> <!-- test.TestGoToMessages -->
      <class name="test.TestGoToMyEbaySummary">
        <test-method status="PASS" signature="before(org.testng.ITestContext)[pri:0, instance:test.TestGoToMyEbaySummary@2ffe7]" name="before" is-config="true" duration-ms="2954" started-at="2014-08-07T15:37:56Z" finished-at="2014-08-07T15:37:58Z">
          <params>
            <param index="0">
              <value>
                <![CDATA[org.testng.TestRunner@9f5bd8]]>
              </value>
            </param>
          </params>
          <reporter-output>
            <line>
              <![CDATA[browser driver was constructed<br>]]>
            </line>
            <line>
              <![CDATA[Browser 'chrome' ready...<br>]]>
            </line>
          </reporter-output>
        </test-method> <!-- before -->
        <test-method status="PASS" signature="readParams(java.lang.String, java.lang.String, java.lang.String, java.lang.String, java.lang.String)[pri:0, instance:test.TestGoToMyEbaySummary@2ffe7]" name="readParams" duration-ms="31433" started-at="2014-08-07T15:37:58Z" finished-at="2014-08-07T15:38:30Z">
          <params>
            <param index="0">
              <value>
                <![CDATA[http://www.ebay.com/]]>
              </value>
            </param>
            <param index="1">
              <value>
                <![CDATA[ipad 4g 32gb]]>
              </value>
            </param>
            <param index="2">
              <value>
                <![CDATA[zomox@walkmail.net]]>
              </value>
            </param>
            <param index="3">
              <value>
                <![CDATA[itransitiona1qa]]>
              </value>
            </param>
            <param index="4">
              <value>
                <![CDATA[Kot]]>
              </value>
            </param>
          </params>
          <reporter-output>
            <line>
              <![CDATA[------------------------------------------------------------------------------------<br>]]>
            </line>
            <line>
              <![CDATA[=====================  Test case: 'test.TestGoToMyEbaySummary' =====================<br>]]>
            </line>
            <line>
              <![CDATA[------------------------------------------------------------------------------------<br>]]>
            </line>
            <line>
              <![CDATA[--------==[ Preconditions ]==--------<br>]]>
            </line>
            <line>
              <![CDATA[--------==[ Step 1 ]==--------<br>]]>
            </line>
            <line>
              <![CDATA[--------==[ Step 2 ]==--------<br>]]>
            </line>
            <line>
              <![CDATA[Form 'Ebay main form' appears in 145msec<br>]]>
            </line>
            <line>
              <![CDATA[--------==[ Step 3 ]==--------<br>]]>
            </line>
            <line>
              <![CDATA[Button 'Sign in' :: Clicking<br>]]>
            </line>
            <line>
              <![CDATA[--------==[ Step 4 ]==--------<br>]]>
            </line>
            <line>
              <![CDATA[Form 'Ebay Sign in form' appears in 161msec<br>]]>
            </line>
            <line>
              <![CDATA[--------==[ Step 5 ]==--------<br>]]>
            </line>
            <line>
              <![CDATA[Text Field 'login' :: Typing 'zomox@walkmail.net'<br>]]>
            </line>
            <line>
              <![CDATA[Text Field 'password' :: Typing 'itransitiona1qa'<br>]]>
            </line>
            <line>
              <![CDATA[Button 'Sign in' :: Clicking<br>]]>
            </line>
            <line>
              <![CDATA[--------==[ Step 6 ]==--------<br>]]>
            </line>
            <line>
              <![CDATA[Form 'Ebay main form' appears in 123msec<br>]]>
            </line>
            <line>
              <![CDATA[--------==[ Step 7 ]==--------<br>]]>
            </line>
            <line>
              <![CDATA[--------==[ Step 8 ]==--------<br>]]>
            </line>
            <line>
              <![CDATA[Button 'My ebay button' :: Clicking<br>]]>
            </line>
            <line>
              <![CDATA[--------==[ Step 9 ]==--------<br>]]>
            </line>
            <line>
              <![CDATA[Form 'My Ebay Summary Form' appears in 147msec<br>]]>
            </line>
            <line>
              <![CDATA[<br>]]>
            </line>
            <line>
              <![CDATA[***********************************************************<br>]]>
            </line>
            <line>
              <![CDATA[***** Test case: 'test.TestGoToMyEbaySummary' Passed! *****<br>]]>
            </line>
            <line>
              <![CDATA[***********************************************************<br>]]>
            </line>
            <line>
              <![CDATA[<br>]]>
            </line>
          </reporter-output>
        </test-method> <!-- readParams -->
        <test-method status="PASS" signature="after()[pri:0, instance:test.TestGoToMyEbaySummary@2ffe7]" name="after" is-config="true" duration-ms="1581" started-at="2014-08-07T15:38:30Z" finished-at="2014-08-07T15:38:32Z">
          <reporter-output>
            <line>
              <![CDATA[driver.quit...<br>]]>
            </line>
            <line>
              <![CDATA[killing processes<br>]]>
            </line>
          </reporter-output>
        </test-method> <!-- after -->
      </class> <!-- test.TestGoToMyEbaySummary -->
      <class name="test.TestAddToCartAndRemove">
        <test-method status="PASS" signature="before(org.testng.ITestContext)[pri:0, instance:test.TestAddToCartAndRemove@1b5c3ba]" name="before" is-config="true" duration-ms="147" started-at="2014-08-07T15:33:45Z" finished-at="2014-08-07T15:33:46Z">
          <params>
            <param index="0">
              <value>
                <![CDATA[org.testng.TestRunner@9f5bd8]]>
              </value>
            </param>
          </params>
          <reporter-output>
          </reporter-output>
        </test-method> <!-- before -->
        <test-method status="PASS" signature="readParams(java.lang.String, java.lang.String, java.lang.String, java.lang.String, java.lang.String)[pri:0, instance:test.TestAddToCartAndRemove@1b5c3ba]" name="readParams" duration-ms="48735" started-at="2014-08-07T15:33:46Z" finished-at="2014-08-07T15:34:34Z">
          <params>
            <param index="0">
              <value>
                <![CDATA[http://www.ebay.com/]]>
              </value>
            </param>
            <param index="1">
              <value>
                <![CDATA[ipad 4g 32gb]]>
              </value>
            </param>
            <param index="2">
              <value>
                <![CDATA[zomox@walkmail.net]]>
              </value>
            </param>
            <param index="3">
              <value>
                <![CDATA[itransitiona1qa]]>
              </value>
            </param>
            <param index="4">
              <value>
                <![CDATA[Kot]]>
              </value>
            </param>
          </params>
          <reporter-output>
            <line>
              <![CDATA[-------------------------------------------------------------------------------------<br>]]>
            </line>
            <line>
              <![CDATA[=====================  Test case: 'test.TestAddToCartAndRemove' =====================<br>]]>
            </line>
            <line>
              <![CDATA[-------------------------------------------------------------------------------------<br>]]>
            </line>
            <line>
              <![CDATA[--------==[ Preconditions ]==--------<br>]]>
            </line>
            <line>
              <![CDATA[--------==[ Step 1 ]==--------<br>]]>
            </line>
            <line>
              <![CDATA[--------==[ Step 2 ]==--------<br>]]>
            </line>
            <line>
              <![CDATA[Form 'Ebay main form' appears in 280msec<br>]]>
            </line>
            <line>
              <![CDATA[--------==[ Step 3 ]==--------<br>]]>
            </line>
            <line>
              <![CDATA[Button 'Sign in' :: Clicking<br>]]>
            </line>
            <line>
              <![CDATA[--------==[ Step 4 ]==--------<br>]]>
            </line>
            <line>
              <![CDATA[Form 'Ebay Sign in form' appears in 164msec<br>]]>
            </line>
            <line>
              <![CDATA[--------==[ Step 5 ]==--------<br>]]>
            </line>
            <line>
              <![CDATA[Text Field 'login' :: Typing 'zomox@walkmail.net'<br>]]>
            </line>
            <line>
              <![CDATA[Text Field 'password' :: Typing 'itransitiona1qa'<br>]]>
            </line>
            <line>
              <![CDATA[Button 'Sign in' :: Clicking<br>]]>
            </line>
            <line>
              <![CDATA[--------==[ Step 6 ]==--------<br>]]>
            </line>
            <line>
              <![CDATA[Form 'Ebay main form' appears in 170msec<br>]]>
            </line>
            <line>
              <![CDATA[--------==[ Step 7 ]==--------<br>]]>
            </line>
            <line>
              <![CDATA[--------==[ Step 8 ]==--------<br>]]>
            </line>
            <line>
              <![CDATA[Text Field 'search bar' :: Typing 'ipad 4g 32gb'<br>]]>
            </line>
            <line>
              <![CDATA[Button 'Search button' :: Clicking<br>]]>
            </line>
            <line>
              <![CDATA[--------==[ Step 9 ]==--------<br>]]>
            </line>
            <line>
              <![CDATA[Form 'Search Results' appears in 940msec<br>]]>
            </line>
            <line>
              <![CDATA[--------==[ Step 10 ]==--------<br>]]>
            </line>
            <line>
              <![CDATA[--------==[ Step 11 ]==--------<br>]]>
            </line>
            <line>
              <![CDATA[Button 'Buy It Now button' :: Clicking<br>]]>
            </line>
            <line>
              <![CDATA[--------==[ Step 12 ]==--------<br>]]>
            </line>
            <line>
              <![CDATA[Form 'Search Results' appears in 725msec<br>]]>
            </line>
            <line>
              <![CDATA[--------==[ Step 13 ]==--------<br>]]>
            </line>
            <line>
              <![CDATA[Button 'Price + Shipping: highest first' :: Clicking<br>]]>
            </line>
            <line>
              <![CDATA[--------==[ Step 14 ]==--------<br>]]>
            </line>
            <line>
              <![CDATA[Form 'Search Results' appears in 1063msec<br>]]>
            </line>
            <line>
              <![CDATA[--------==[ Step 15 ]==--------<br>]]>
            </line>
            <line>
              <![CDATA[Button 'First item button' :: Clicking<br>]]>
            </line>
            <line>
              <![CDATA[--------==[ Step 16 ]==--------<br>]]>
            </line>
            <line>
              <![CDATA[Form 'Digital Cameras Results' appears in 196msec<br>]]>
            </line>
            <line>
              <![CDATA[--------==[ Step 17 ]==--------<br>]]>
            </line>
            <line>
              <![CDATA[--------==[ Step 18 ]==--------<br>]]>
            </line>
            <line>
              <![CDATA[Button 'Add to cart button' :: Clicking<br>]]>
            </line>
            <line>
              <![CDATA[--------==[ Step 19 ]==--------<br>]]>
            </line>
            <line>
              <![CDATA[Form 'Ebay Shopping Cart' appears in 128msec<br>]]>
            </line>
            <line>
              <![CDATA[--------==[ Step 20 ]==--------<br>]]>
            </line>
            <line>
              <![CDATA[--------==[ Step 21 ]==--------<br>]]>
            </line>
            <line>
              <![CDATA[Button 'First item remove button' :: Clicking<br>]]>
            </line>
            <line>
              <![CDATA[--------==[ Step 22 ]==--------<br>]]>
            </line>
            <line>
              <![CDATA[Form 'Ebay Shopping Cart' appears in 126msec<br>]]>
            </line>
            <line>
              <![CDATA[--------==[ Step 23 ]==--------<br>]]>
            </line>
            <line>
              <![CDATA[<br>]]>
            </line>
            <line>
              <![CDATA[************************************************************<br>]]>
            </line>
            <line>
              <![CDATA[***** Test case: 'test.TestAddToCartAndRemove' Passed! *****<br>]]>
            </line>
            <line>
              <![CDATA[************************************************************<br>]]>
            </line>
            <line>
              <![CDATA[<br>]]>
            </line>
          </reporter-output>
        </test-method> <!-- readParams -->
        <test-method status="PASS" signature="after()[pri:0, instance:test.TestAddToCartAndRemove@1b5c3ba]" name="after" is-config="true" duration-ms="2607" started-at="2014-08-07T15:34:34Z" finished-at="2014-08-07T15:34:37Z">
          <reporter-output>
            <line>
              <![CDATA[driver.quit...<br>]]>
            </line>
            <line>
              <![CDATA[killing processes<br>]]>
            </line>
            <line>
              <![CDATA[Успешно: Процесс "chrome.exe", с идентификатором 3672, был завершен.<br>]]>
            </line>
            <line>
              <![CDATA[Успешно: Процесс "chrome.exe", с идентификатором 1108, был завершен.<br>]]>
            </line>
            <line>
              <![CDATA[Успешно: Процесс "chrome.exe", с идентификатором 3852, был завершен.<br>]]>
            </line>
            <line>
              <![CDATA[Успешно: Процесс "chrome.exe", с идентификатором 2952, был завершен.<br>]]>
            </line>
            <line>
              <![CDATA[Успешно: Процесс "chrome.exe", с идентификатором 3824, был завершен.<br>]]>
            </line>
          </reporter-output>
        </test-method> <!-- after -->
      </class> <!-- test.TestAddToCartAndRemove -->
      <class name="test.TestFindFirstCameraResult">
        <test-method status="PASS" signature="before(org.testng.ITestContext)[pri:0, instance:test.TestFindFirstCameraResult@9ebbfd]" name="before" is-config="true" duration-ms="3029" started-at="2014-08-07T15:35:12Z" finished-at="2014-08-07T15:35:15Z">
          <params>
            <param index="0">
              <value>
                <![CDATA[org.testng.TestRunner@9f5bd8]]>
              </value>
            </param>
          </params>
          <reporter-output>
            <line>
              <![CDATA[browser driver was constructed<br>]]>
            </line>
            <line>
              <![CDATA[Browser 'chrome' ready...<br>]]>
            </line>
          </reporter-output>
        </test-method> <!-- before -->
        <test-method status="PASS" signature="readParams(java.lang.String, java.lang.String, java.lang.String, java.lang.String, java.lang.String)[pri:0, instance:test.TestFindFirstCameraResult@9ebbfd]" name="readParams" duration-ms="35570" started-at="2014-08-07T15:35:15Z" finished-at="2014-08-07T15:35:51Z">
          <params>
            <param index="0">
              <value>
                <![CDATA[http://www.ebay.com/]]>
              </value>
            </param>
            <param index="1">
              <value>
                <![CDATA[ipad 4g 32gb]]>
              </value>
            </param>
            <param index="2">
              <value>
                <![CDATA[zomox@walkmail.net]]>
              </value>
            </param>
            <param index="3">
              <value>
                <![CDATA[itransitiona1qa]]>
              </value>
            </param>
            <param index="4">
              <value>
                <![CDATA[Kot]]>
              </value>
            </param>
          </params>
          <reporter-output>
            <line>
              <![CDATA[----------------------------------------------------------------------------------------<br>]]>
            </line>
            <line>
              <![CDATA[=====================  Test case: 'test.TestFindFirstCameraResult' =====================<br>]]>
            </line>
            <line>
              <![CDATA[----------------------------------------------------------------------------------------<br>]]>
            </line>
            <line>
              <![CDATA[--------==[ Preconditions ]==--------<br>]]>
            </line>
            <line>
              <![CDATA[--------==[ Step 1 ]==--------<br>]]>
            </line>
            <line>
              <![CDATA[--------==[ Step 2 ]==--------<br>]]>
            </line>
            <line>
              <![CDATA[Form 'Ebay main form' appears in 139msec<br>]]>
            </line>
            <line>
              <![CDATA[--------==[ Step 3 ]==--------<br>]]>
            </line>
            <line>
              <![CDATA[--------==[ Step 4 ]==--------<br>]]>
            </line>
            <line>
              <![CDATA[Button 'Cameras & Photo button' :: Clicking<br>]]>
            </line>
            <line>
              <![CDATA[--------==[ Step 5 ]==--------<br>]]>
            </line>
            <line>
              <![CDATA[Form 'Ebay Cameras form' appears in 121msec<br>]]>
            </line>
            <line>
              <![CDATA[--------==[ Step 6 ]==--------<br>]]>
            </line>
            <line>
              <![CDATA[Button 'Digital Cameras button' :: Clicking<br>]]>
            </line>
            <line>
              <![CDATA[--------==[ Step 7 ]==--------<br>]]>
            </line>
            <line>
              <![CDATA[Form 'Items from Digital Cameras' appears in 142msec<br>]]>
            </line>
            <line>
              <![CDATA[--------==[ Step 8 ]==--------<br>]]>
            </line>
            <line>
              <![CDATA[Button 'Refine Results button' :: Clicking<br>]]>
            </line>
            <line>
              <![CDATA[--------==[ Step 9 ]==--------<br>]]>
            </line>
            <line>
              <![CDATA[Form 'Search Results' appears in 147msec<br>]]>
            </line>
            <line>
              <![CDATA[--------==[ Step 10 ]==--------<br>]]>
            </line>
            <line>
              <![CDATA[Button 'Buy It Now button' :: Clicking<br>]]>
            </line>
            <line>
              <![CDATA[--------==[ Step 11 ]==--------<br>]]>
            </line>
            <line>
              <![CDATA[Form 'Search Results' appears in 159msec<br>]]>
            </line>
            <line>
              <![CDATA[--------==[ Step 12 ]==--------<br>]]>
            </line>
            <line>
              <![CDATA[Button 'Price + Shipping: highest first' :: Clicking<br>]]>
            </line>
            <line>
              <![CDATA[--------==[ Step 13 ]==--------<br>]]>
            </line>
            <line>
              <![CDATA[Form 'Search Results' appears in 295msec<br>]]>
            </line>
            <line>
              <![CDATA[--------==[ Step 14 ]==--------<br>]]>
            </line>
            <line>
              <![CDATA[Button 'First item button' :: Clicking<br>]]>
            </line>
            <line>
              <![CDATA[--------==[ Step 15 ]==--------<br>]]>
            </line>
            <line>
              <![CDATA[Form 'Digital Cameras Results' appears in 215msec<br>]]>
            </line>
            <line>
              <![CDATA[--------==[ Step 16 ]==--------<br>]]>
            </line>
            <line>
              <![CDATA[<br>]]>
            </line>
            <line>
              <![CDATA[***************************************************************<br>]]>
            </line>
            <line>
              <![CDATA[***** Test case: 'test.TestFindFirstCameraResult' Passed! *****<br>]]>
            </line>
            <line>
              <![CDATA[***************************************************************<br>]]>
            </line>
            <line>
              <![CDATA[<br>]]>
            </line>
          </reporter-output>
        </test-method> <!-- readParams -->
        <test-method status="PASS" signature="after()[pri:0, instance:test.TestFindFirstCameraResult@9ebbfd]" name="after" is-config="true" duration-ms="1463" started-at="2014-08-07T15:35:51Z" finished-at="2014-08-07T15:35:52Z">
          <reporter-output>
            <line>
              <![CDATA[driver.quit...<br>]]>
            </line>
            <line>
              <![CDATA[killing processes<br>]]>
            </line>
          </reporter-output>
        </test-method> <!-- after -->
      </class> <!-- test.TestFindFirstCameraResult -->
      <class name="test.TestMenuOnMainForm">
        <test-method status="PASS" signature="before(org.testng.ITestContext)[pri:0, instance:test.TestMenuOnMainForm@1aba8cc]" name="before" is-config="true" duration-ms="3159" started-at="2014-08-07T15:39:05Z" finished-at="2014-08-07T15:39:08Z">
          <params>
            <param index="0">
              <value>
                <![CDATA[org.testng.TestRunner@9f5bd8]]>
              </value>
            </param>
          </params>
          <reporter-output>
            <line>
              <![CDATA[browser driver was constructed<br>]]>
            </line>
            <line>
              <![CDATA[Browser 'chrome' ready...<br>]]>
            </line>
          </reporter-output>
        </test-method> <!-- before -->
        <test-method status="FAIL" signature="readParams(java.lang.String, java.lang.String, java.lang.String, java.lang.String, java.lang.String)[pri:0, instance:test.TestMenuOnMainForm@1aba8cc]" name="readParams" duration-ms="14359" started-at="2014-08-07T15:39:08Z" finished-at="2014-08-07T15:39:23Z">
          <params>
            <param index="0">
              <value>
                <![CDATA[http://www.ebay.com/]]>
              </value>
            </param>
            <param index="1">
              <value>
                <![CDATA[ipad 4g 32gb]]>
              </value>
            </param>
            <param index="2">
              <value>
                <![CDATA[zomox@walkmail.net]]>
              </value>
            </param>
            <param index="3">
              <value>
                <![CDATA[itransitiona1qa]]>
              </value>
            </param>
            <param index="4">
              <value>
                <![CDATA[Kot]]>
              </value>
            </param>
          </params>
          <exception class="java.lang.AssertionError">
            <full-stacktrace>
              <![CDATA[java.lang.AssertionError
	at test.forms.EbayMainForm.iphoneAssert(EbayMainForm.java:86)
	at test.TestMenuOnMainForm.runTest(TestMenuOnMainForm.java:15)
	at webdriver.BaseTest.xTest(BaseTest.java:43)
	at webdriver.BaseTest.readParams(BaseTest.java:24)
	at sun.reflect.NativeMethodAccessorImpl.invoke0(Native Method)
	at sun.reflect.NativeMethodAccessorImpl.invoke(NativeMethodAccessorImpl.java:57)
	at sun.reflect.DelegatingMethodAccessorImpl.invoke(DelegatingMethodAccessorImpl.java:43)
	at java.lang.reflect.Method.invoke(Method.java:606)
	at org.testng.internal.MethodInvocationHelper.invokeMethod(MethodInvocationHelper.java:84)
	at org.testng.internal.Invoker.invokeMethod(Invoker.java:714)
	at org.testng.internal.Invoker.invokeTestMethod(Invoker.java:901)
	at org.testng.internal.Invoker.invokeTestMethods(Invoker.java:1231)
	at org.testng.internal.TestMethodWorker.invokeTestMethods(TestMethodWorker.java:127)
	at org.testng.internal.TestMethodWorker.run(TestMethodWorker.java:111)
	at org.testng.TestRunner.privateRun(TestRunner.java:767)
	at org.testng.TestRunner.run(TestRunner.java:617)
	at org.testng.SuiteRunner.runTest(SuiteRunner.java:334)
	at org.testng.SuiteRunner.runSequentially(SuiteRunner.java:329)
	at org.testng.SuiteRunner.privateRun(SuiteRunner.java:291)
	at org.testng.SuiteRunner.run(SuiteRunner.java:240)
	at org.testng.SuiteRunnerWorker.runSuite(SuiteRunnerWorker.java:52)
	at org.testng.SuiteRunnerWorker.run(SuiteRunnerWorker.java:86)
	at org.testng.TestNG.runSuitesSequentially(TestNG.java:1224)
	at org.testng.TestNG.runSuitesLocally(TestNG.java:1149)
	at org.testng.TestNG.run(TestNG.java:1057)
	at org.testng.remote.RemoteTestNG.run(RemoteTestNG.java:111)
	at org.testng.remote.RemoteTestNG.initAndRun(RemoteTestNG.java:204)
	at org.testng.remote.RemoteTestNG.main(RemoteTestNG.java:175)
]]>
            </full-stacktrace>
          </exception> <!-- java.lang.AssertionError -->
          <reporter-output>
            <line>
              <![CDATA[---------------------------------------------------------------------------------<br>]]>
            </line>
            <line>
              <![CDATA[=====================  Test case: 'test.TestMenuOnMainForm' =====================<br>]]>
            </line>
            <line>
              <![CDATA[---------------------------------------------------------------------------------<br>]]>
            </line>
            <line>
              <![CDATA[--------==[ Preconditions ]==--------<br>]]>
            </line>
            <line>
              <![CDATA[--------==[ Step 1 ]==--------<br>]]>
            </line>
            <line>
              <![CDATA[--------==[ Step 2 ]==--------<br>]]>
            </line>
            <line>
              <![CDATA[Form 'Ebay main form' appears in 245msec<br>]]>
            </line>
            <line>
              <![CDATA[--------==[ Step 3 ]==--------<br>]]>
            </line>
            <line>
              <![CDATA[--------==[ Step 4 ]==--------<br>]]>
            </line>
            <line>
              <![CDATA[<div class="skipped"></div><br>]]>
            </line>
            <line>
              <![CDATA[<div class="failedConfig">>>>>>>>> TEST FAILED <<<<<<<<</div><br>]]>
            </line>
            <line>
              <![CDATA[<div class="skipped"></div><br>]]>
            </line>
          </reporter-output>
        </test-method> <!-- readParams -->
        <test-method status="PASS" signature="after()[pri:0, instance:test.TestMenuOnMainForm@1aba8cc]" name="after" is-config="true" duration-ms="1481" started-at="2014-08-07T15:39:23Z" finished-at="2014-08-07T15:39:24Z">
          <reporter-output>
            <line>
              <![CDATA[driver.quit...<br>]]>
            </line>
            <line>
              <![CDATA[killing processes<br>]]>
            </line>
          </reporter-output>
        </test-method> <!-- after -->
      </class> <!-- test.TestMenuOnMainForm -->
      <class name="test.TestSignIn">
        <test-method status="PASS" signature="before(org.testng.ITestContext)[pri:0, instance:test.TestSignIn@190ec59]" name="before" is-config="true" duration-ms="3065" started-at="2014-08-07T15:36:14Z" finished-at="2014-08-07T15:36:17Z">
          <params>
            <param index="0">
              <value>
                <![CDATA[org.testng.TestRunner@9f5bd8]]>
              </value>
            </param>
          </params>
          <reporter-output>
            <line>
              <![CDATA[browser driver was constructed<br>]]>
            </line>
            <line>
              <![CDATA[Browser 'chrome' ready...<br>]]>
            </line>
          </reporter-output>
        </test-method> <!-- before -->
        <test-method status="PASS" signature="readParams(java.lang.String, java.lang.String, java.lang.String, java.lang.String, java.lang.String)[pri:0, instance:test.TestSignIn@190ec59]" name="readParams" duration-ms="28222" started-at="2014-08-07T15:36:17Z" finished-at="2014-08-07T15:36:45Z">
          <params>
            <param index="0">
              <value>
                <![CDATA[http://www.ebay.com/]]>
              </value>
            </param>
            <param index="1">
              <value>
                <![CDATA[ipad 4g 32gb]]>
              </value>
            </param>
            <param index="2">
              <value>
                <![CDATA[zomox@walkmail.net]]>
              </value>
            </param>
            <param index="3">
              <value>
                <![CDATA[itransitiona1qa]]>
              </value>
            </param>
            <param index="4">
              <value>
                <![CDATA[Kot]]>
              </value>
            </param>
          </params>
          <reporter-output>
            <line>
              <![CDATA[-------------------------------------------------------------------------<br>]]>
            </line>
            <line>
              <![CDATA[=====================  Test case: 'test.TestSignIn' =====================<br>]]>
            </line>
            <line>
              <![CDATA[-------------------------------------------------------------------------<br>]]>
            </line>
            <line>
              <![CDATA[--------==[ Preconditions ]==--------<br>]]>
            </line>
            <line>
              <![CDATA[--------==[ Step 1 ]==--------<br>]]>
            </line>
            <line>
              <![CDATA[--------==[ Step 2 ]==--------<br>]]>
            </line>
            <line>
              <![CDATA[Form 'Ebay main form' appears in 175msec<br>]]>
            </line>
            <line>
              <![CDATA[--------==[ Step 3 ]==--------<br>]]>
            </line>
            <line>
              <![CDATA[Button 'Sign in' :: Clicking<br>]]>
            </line>
            <line>
              <![CDATA[--------==[ Step 4 ]==--------<br>]]>
            </line>
            <line>
              <![CDATA[Form 'Ebay Sign in form' appears in 136msec<br>]]>
            </line>
            <line>
              <![CDATA[--------==[ Step 5 ]==--------<br>]]>
            </line>
            <line>
              <![CDATA[Text Field 'login' :: Typing 'zomox@walkmail.net'<br>]]>
            </line>
            <line>
              <![CDATA[Text Field 'password' :: Typing 'itransitiona1qa'<br>]]>
            </line>
            <line>
              <![CDATA[Button 'Sign in' :: Clicking<br>]]>
            </line>
            <line>
              <![CDATA[--------==[ Step 6 ]==--------<br>]]>
            </line>
            <line>
              <![CDATA[Form 'Ebay main form' appears in 186msec<br>]]>
            </line>
            <line>
              <![CDATA[--------==[ Step 7 ]==--------<br>]]>
            </line>
            <line>
              <![CDATA[<br>]]>
            </line>
            <line>
              <![CDATA[************************************************<br>]]>
            </line>
            <line>
              <![CDATA[***** Test case: 'test.TestSignIn' Passed! *****<br>]]>
            </line>
            <line>
              <![CDATA[************************************************<br>]]>
            </line>
            <line>
              <![CDATA[<br>]]>
            </line>
          </reporter-output>
        </test-method> <!-- readParams -->
        <test-method status="PASS" signature="after()[pri:0, instance:test.TestSignIn@190ec59]" name="after" is-config="true" duration-ms="1577" started-at="2014-08-07T15:36:45Z" finished-at="2014-08-07T15:36:46Z">
          <reporter-output>
            <line>
              <![CDATA[driver.quit...<br>]]>
            </line>
            <line>
              <![CDATA[killing processes<br>]]>
            </line>
          </reporter-output>
        </test-method> <!-- after -->
      </class> <!-- test.TestSignIn -->
    </test> <!-- Functional Tests -->
  </suite> <!-- Demo Test Plan -->
</testng-results>
